#! /usr/bin/vvp
:ivl_version "12.0 (stable)" "(v12_0-dirty)";
:ivl_delay_selection "TYPICAL";
:vpi_time_precision - 10;
:vpi_module "/usr/lib/ivl/system.vpi";
:vpi_module "/usr/lib/ivl/vhdl_sys.vpi";
:vpi_module "/usr/lib/ivl/vhdl_textio.vpi";
:vpi_module "/usr/lib/ivl/v2005_math.vpi";
:vpi_module "/usr/lib/ivl/va_math.vpi";
S_0x55ff4ad24320 .scope module, "alarm_tb" "alarm_tb" 2 7;
 .timescale -9 -10;
v0x55ff4ad3c320_0 .var "clk_tb", 0 0;
v0x55ff4ad3c3e0_0 .var "remote_tb", 0 0;
v0x55ff4ad3c4b0_0 .var "rst_tb", 0 0;
v0x55ff4ad3c5b0_0 .var "sensors_tb", 0 0;
v0x55ff4ad3c680_0 .net "siren_tb", 0 0, v0x55ff4ad3c090_0;  1 drivers
S_0x55ff4ad244b0 .scope module, "uut" "alarm" 2 11, 3 1 0, S_0x55ff4ad24320;
 .timescale 0 0;
    .port_info 0 /INPUT 1 "clk";
    .port_info 1 /INPUT 1 "rst";
    .port_info 2 /INPUT 1 "remote";
    .port_info 3 /INPUT 1 "sensors";
    .port_info 4 /OUTPUT 1 "siren";
P_0x55ff4ad10a60 .param/l "a" 0 3 9, C4<000>;
P_0x55ff4ad10aa0 .param/l "at" 0 3 10, C4<001>;
P_0x55ff4ad10ae0 .param/l "b" 0 3 11, C4<010>;
P_0x55ff4ad10b20 .param/l "bt" 0 3 12, C4<011>;
P_0x55ff4ad10b60 .param/l "c" 0 3 13, C4<100>;
v0x55ff4ad10d80_0 .net "clk", 0 0, v0x55ff4ad3c320_0;  1 drivers
v0x55ff4ad3be40_0 .net "remote", 0 0, v0x55ff4ad3c3e0_0;  1 drivers
v0x55ff4ad3bf00_0 .net "rst", 0 0, v0x55ff4ad3c4b0_0;  1 drivers
v0x55ff4ad3bfd0_0 .net "sensors", 0 0, v0x55ff4ad3c5b0_0;  1 drivers
v0x55ff4ad3c090_0 .var "siren", 0 0;
v0x55ff4ad3c1a0_0 .var "state", 2 0;
E_0x55ff4ad1de90 .event anyedge, v0x55ff4ad3c1a0_0;
E_0x55ff4ad1e060 .event negedge, v0x55ff4ad3bf00_0, v0x55ff4ad10d80_0;
    .scope S_0x55ff4ad244b0;
T_0 ;
    %pushi/vec4 0, 0, 3;
    %assign/vec4 v0x55ff4ad3c1a0_0, 0;
    %end;
    .thread T_0;
    .scope S_0x55ff4ad244b0;
T_1 ;
    %wait E_0x55ff4ad1e060;
    %load/vec4 v0x55ff4ad3bf00_0;
    %cmpi/e 0, 0, 1;
    %jmp/0xz  T_1.0, 4;
    %pushi/vec4 0, 0, 3;
    %assign/vec4 v0x55ff4ad3c1a0_0, 0;
    %jmp T_1.1;
T_1.0 ;
    %load/vec4 v0x55ff4ad3c1a0_0;
    %dup/vec4;
    %pushi/vec4 0, 0, 3;
    %cmp/u;
    %jmp/1 T_1.2, 6;
    %dup/vec4;
    %pushi/vec4 1, 0, 3;
    %cmp/u;
    %jmp/1 T_1.3, 6;
    %dup/vec4;
    %pushi/vec4 2, 0, 3;
    %cmp/u;
    %jmp/1 T_1.4, 6;
    %dup/vec4;
    %pushi/vec4 3, 0, 3;
    %cmp/u;
    %jmp/1 T_1.5, 6;
    %dup/vec4;
    %pushi/vec4 4, 0, 3;
    %cmp/u;
    %jmp/1 T_1.6, 6;
    %jmp T_1.7;
T_1.2 ;
    %load/vec4 v0x55ff4ad3be40_0;
    %cmpi/e 0, 0, 1;
    %jmp/0xz  T_1.8, 4;
    %pushi/vec4 0, 0, 3;
    %assign/vec4 v0x55ff4ad3c1a0_0, 0;
    %jmp T_1.9;
T_1.8 ;
    %pushi/vec4 1, 0, 3;
    %assign/vec4 v0x55ff4ad3c1a0_0, 0;
T_1.9 ;
    %jmp T_1.7;
T_1.3 ;
    %load/vec4 v0x55ff4ad3be40_0;
    %cmpi/e 1, 0, 1;
    %jmp/0xz  T_1.10, 4;
    %pushi/vec4 1, 0, 3;
    %assign/vec4 v0x55ff4ad3c1a0_0, 0;
    %jmp T_1.11;
T_1.10 ;
    %pushi/vec4 2, 0, 3;
    %assign/vec4 v0x55ff4ad3c1a0_0, 0;
T_1.11 ;
    %jmp T_1.7;
T_1.4 ;
    %load/vec4 v0x55ff4ad3bfd0_0;
    %cmpi/e 1, 0, 1;
    %jmp/0xz  T_1.12, 4;
    %pushi/vec4 4, 0, 3;
    %assign/vec4 v0x55ff4ad3c1a0_0, 0;
    %jmp T_1.13;
T_1.12 ;
    %load/vec4 v0x55ff4ad3be40_0;
    %cmpi/e 1, 0, 1;
    %jmp/0xz  T_1.14, 4;
    %pushi/vec4 3, 0, 3;
    %assign/vec4 v0x55ff4ad3c1a0_0, 0;
    %jmp T_1.15;
T_1.14 ;
    %pushi/vec4 2, 0, 3;
    %assign/vec4 v0x55ff4ad3c1a0_0, 0;
T_1.15 ;
T_1.13 ;
    %jmp T_1.7;
T_1.5 ;
    %load/vec4 v0x55ff4ad3be40_0;
    %cmpi/e 1, 0, 1;
    %jmp/0xz  T_1.16, 4;
    %pushi/vec4 3, 0, 3;
    %assign/vec4 v0x55ff4ad3c1a0_0, 0;
    %jmp T_1.17;
T_1.16 ;
    %pushi/vec4 0, 0, 3;
    %assign/vec4 v0x55ff4ad3c1a0_0, 0;
T_1.17 ;
    %jmp T_1.7;
T_1.6 ;
    %load/vec4 v0x55ff4ad3be40_0;
    %cmpi/e 0, 0, 1;
    %jmp/0xz  T_1.18, 4;
    %pushi/vec4 4, 0, 3;
    %assign/vec4 v0x55ff4ad3c1a0_0, 0;
    %jmp T_1.19;
T_1.18 ;
    %pushi/vec4 3, 0, 3;
    %assign/vec4 v0x55ff4ad3c1a0_0, 0;
T_1.19 ;
    %jmp T_1.7;
T_1.7 ;
    %pop/vec4 1;
T_1.1 ;
    %jmp T_1;
    .thread T_1;
    .scope S_0x55ff4ad244b0;
T_2 ;
    %wait E_0x55ff4ad1de90;
    %load/vec4 v0x55ff4ad3c1a0_0;
    %dup/vec4;
    %pushi/vec4 0, 0, 3;
    %cmp/u;
    %jmp/1 T_2.0, 6;
    %dup/vec4;
    %pushi/vec4 1, 0, 3;
    %cmp/u;
    %jmp/1 T_2.1, 6;
    %dup/vec4;
    %pushi/vec4 2, 0, 3;
    %cmp/u;
    %jmp/1 T_2.2, 6;
    %dup/vec4;
    %pushi/vec4 3, 0, 3;
    %cmp/u;
    %jmp/1 T_2.3, 6;
    %dup/vec4;
    %pushi/vec4 4, 0, 3;
    %cmp/u;
    %jmp/1 T_2.4, 6;
    %jmp T_2.5;
T_2.0 ;
    %pushi/vec4 0, 0, 1;
    %store/vec4 v0x55ff4ad3c090_0, 0, 1;
    %jmp T_2.5;
T_2.1 ;
    %pushi/vec4 0, 0, 1;
    %store/vec4 v0x55ff4ad3c090_0, 0, 1;
    %jmp T_2.5;
T_2.2 ;
    %pushi/vec4 0, 0, 1;
    %store/vec4 v0x55ff4ad3c090_0, 0, 1;
    %jmp T_2.5;
T_2.3 ;
    %pushi/vec4 0, 0, 1;
    %store/vec4 v0x55ff4ad3c090_0, 0, 1;
    %jmp T_2.5;
T_2.4 ;
    %pushi/vec4 1, 0, 1;
    %store/vec4 v0x55ff4ad3c090_0, 0, 1;
    %jmp T_2.5;
T_2.5 ;
    %pop/vec4 1;
    %jmp T_2;
    .thread T_2, $push;
    .scope S_0x55ff4ad24320;
T_3 ;
    %vpi_call 2 15 "$monitor", "rst_tb=%b", v0x55ff4ad3c4b0_0 {0 0 0};
    %vpi_call 2 16 "$dumpfile", "wave.vcd" {0 0 0};
    %vpi_call 2 17 "$dumpvars", 32'sb00000000000000000000000000000000, S_0x55ff4ad24320 {0 0 0};
    %pushi/vec4 0, 0, 1;
    %store/vec4 v0x55ff4ad3c320_0, 0, 1;
    %pushi/vec4 1, 0, 1;
    %store/vec4 v0x55ff4ad3c4b0_0, 0, 1;
    %pushi/vec4 0, 0, 1;
    %store/vec4 v0x55ff4ad3c3e0_0, 0, 1;
    %pushi/vec4 0, 0, 1;
    %store/vec4 v0x55ff4ad3c5b0_0, 0, 1;
    %delay 100, 0;
    %pushi/vec4 0, 0, 1;
    %store/vec4 v0x55ff4ad3c4b0_0, 0, 1;
    %delay 500, 0;
    %pushi/vec4 1, 0, 1;
    %store/vec4 v0x55ff4ad3c4b0_0, 0, 1;
    %delay 300, 0;
    %pushi/vec4 1, 0, 1;
    %store/vec4 v0x55ff4ad3c3e0_0, 0, 1;
    %delay 800, 0;
    %pushi/vec4 0, 0, 1;
    %store/vec4 v0x55ff4ad3c3e0_0, 0, 1;
    %delay 400, 0;
    %pushi/vec4 1, 0, 1;
    %store/vec4 v0x55ff4ad3c3e0_0, 0, 1;
    %delay 300, 0;
    %pushi/vec4 0, 0, 1;
    %store/vec4 v0x55ff4ad3c3e0_0, 0, 1;
    %delay 500, 0;
    %pushi/vec4 1, 0, 1;
    %store/vec4 v0x55ff4ad3c3e0_0, 0, 1;
    %delay 200, 0;
    %pushi/vec4 0, 0, 1;
    %store/vec4 v0x55ff4ad3c3e0_0, 0, 1;
    %delay 800, 0;
    %pushi/vec4 1, 0, 1;
    %store/vec4 v0x55ff4ad3c5b0_0, 0, 1;
    %delay 200, 0;
    %pushi/vec4 0, 0, 1;
    %store/vec4 v0x55ff4ad3c5b0_0, 0, 1;
    %delay 900, 0;
    %pushi/vec4 1, 0, 1;
    %store/vec4 v0x55ff4ad3c3e0_0, 0, 1;
    %delay 300, 0;
    %pushi/vec4 0, 0, 1;
    %store/vec4 v0x55ff4ad3c3e0_0, 0, 1;
    %delay 2000, 0;
    %vpi_call 2 61 "$finish" {0 0 0};
    %end;
    .thread T_3;
    .scope S_0x55ff4ad24320;
T_4 ;
    %delay 50, 0;
    %load/vec4 v0x55ff4ad3c320_0;
    %inv;
    %store/vec4 v0x55ff4ad3c320_0, 0, 1;
    %jmp T_4;
    .thread T_4;
# The file index is used to find the file name in the following table.
:file_names 4;
    "N/A";
    "<interactive>";
    "alarm_tb.v";
    "alarm.v";
