#! /usr/bin/vvp
:ivl_version "12.0 (stable)" "(v12_0-dirty)";
:ivl_delay_selection "TYPICAL";
:vpi_time_precision - 10;
:vpi_module "/usr/lib/ivl/system.vpi";
:vpi_module "/usr/lib/ivl/vhdl_sys.vpi";
:vpi_module "/usr/lib/ivl/vhdl_textio.vpi";
:vpi_module "/usr/lib/ivl/v2005_math.vpi";
:vpi_module "/usr/lib/ivl/va_math.vpi";
S_0x5648a3782a50 .scope module, "ir_control_tb" "ir_control_tb" 2 7;
 .timescale -9 -10;
v0x5648a37989e0_0 .var "clk_tb", 0 0;
v0x5648a3798a80_0 .var "irda_tb", 0 0;
v0x5648a3798b50_0 .var "rst_tb", 0 0;
S_0x5648a3782be0 .scope module, "uut" "ir_control" 2 10, 3 1 0, S_0x5648a3782a50;
 .timescale 0 0;
    .port_info 0 /INPUT 1 "clk";
    .port_info 1 /INPUT 1 "rst";
    .port_info 2 /INPUT 1 "irda";
P_0x5648a3786140 .param/l "s0" 0 3 9, C4<000>;
P_0x5648a3786180 .param/l "s1" 0 3 10, C4<001>;
P_0x5648a37861c0 .param/l "s2" 0 3 11, C4<010>;
P_0x5648a3786200 .param/l "s3" 0 3 12, C4<011>;
v0x5648a376f8c0_0 .var "buttons", 2 0;
v0x5648a3798530_0 .net "clk", 0 0, v0x5648a37989e0_0;  1 drivers
v0x5648a37985f0_0 .var/i "count", 31 0;
v0x5648a37986b0_0 .net "irda", 0 0, v0x5648a3798a80_0;  1 drivers
v0x5648a3798770_0 .net "rst", 0 0, v0x5648a3798b50_0;  1 drivers
v0x5648a3798880_0 .var "state", 2 0;
E_0x5648a377dae0/0 .event anyedge, v0x5648a3798880_0;
E_0x5648a377dae0/1 .event negedge, v0x5648a3798530_0;
E_0x5648a377dae0 .event/or E_0x5648a377dae0/0, E_0x5648a377dae0/1;
E_0x5648a377d980/0 .event negedge, v0x5648a3798530_0;
E_0x5648a377d980/1 .event posedge, v0x5648a3798770_0;
E_0x5648a377d980 .event/or E_0x5648a377d980/0, E_0x5648a377d980/1;
    .scope S_0x5648a3782be0;
T_0 ;
    %pushi/vec4 0, 0, 3;
    %store/vec4 v0x5648a376f8c0_0, 0, 3;
    %end;
    .thread T_0;
    .scope S_0x5648a3782be0;
T_1 ;
    %pushi/vec4 0, 0, 3;
    %assign/vec4 v0x5648a3798880_0, 0;
    %end;
    .thread T_1;
    .scope S_0x5648a3782be0;
T_2 ;
    %wait E_0x5648a377d980;
    %load/vec4 v0x5648a3798770_0;
    %cmpi/e 1, 0, 1;
    %jmp/0xz  T_2.0, 4;
    %pushi/vec4 0, 0, 3;
    %assign/vec4 v0x5648a3798880_0, 0;
    %jmp T_2.1;
T_2.0 ;
    %load/vec4 v0x5648a3798880_0;
    %dup/vec4;
    %pushi/vec4 0, 0, 3;
    %cmp/u;
    %jmp/1 T_2.2, 6;
    %dup/vec4;
    %pushi/vec4 1, 0, 3;
    %cmp/u;
    %jmp/1 T_2.3, 6;
    %dup/vec4;
    %pushi/vec4 2, 0, 3;
    %cmp/u;
    %jmp/1 T_2.4, 6;
    %jmp T_2.5;
T_2.2 ;
    %load/vec4 v0x5648a37986b0_0;
    %cmpi/e 1, 0, 1;
    %jmp/0xz  T_2.6, 4;
    %pushi/vec4 0, 0, 3;
    %assign/vec4 v0x5648a3798880_0, 0;
    %jmp T_2.7;
T_2.6 ;
    %pushi/vec4 1, 0, 3;
    %assign/vec4 v0x5648a3798880_0, 0;
T_2.7 ;
    %jmp T_2.5;
T_2.3 ;
    %pushi/vec4 2, 0, 3;
    %assign/vec4 v0x5648a3798880_0, 0;
    %jmp T_2.5;
T_2.4 ;
    %load/vec4 v0x5648a37985f0_0;
    %cmpi/s 10, 0, 32;
    %jmp/0xz  T_2.8, 5;
    %pushi/vec4 2, 0, 3;
    %assign/vec4 v0x5648a3798880_0, 0;
    %jmp T_2.9;
T_2.8 ;
    %pushi/vec4 3, 0, 3;
    %assign/vec4 v0x5648a3798880_0, 0;
T_2.9 ;
    %jmp T_2.5;
T_2.5 ;
    %pop/vec4 1;
T_2.1 ;
    %jmp T_2;
    .thread T_2;
    .scope S_0x5648a3782be0;
T_3 ;
    %wait E_0x5648a377dae0;
    %load/vec4 v0x5648a3798880_0;
    %dup/vec4;
    %pushi/vec4 0, 0, 3;
    %cmp/u;
    %jmp/1 T_3.0, 6;
    %dup/vec4;
    %pushi/vec4 1, 0, 3;
    %cmp/u;
    %jmp/1 T_3.1, 6;
    %dup/vec4;
    %pushi/vec4 2, 0, 3;
    %cmp/u;
    %jmp/1 T_3.2, 6;
    %dup/vec4;
    %pushi/vec4 3, 0, 3;
    %cmp/u;
    %jmp/1 T_3.3, 6;
    %jmp T_3.4;
T_3.0 ;
    %pushi/vec4 4294967295, 4294967295, 32;
    %store/vec4 v0x5648a37985f0_0, 0, 32;
    %jmp T_3.4;
T_3.1 ;
    %pushi/vec4 0, 0, 32;
    %store/vec4 v0x5648a37985f0_0, 0, 32;
    %jmp T_3.4;
T_3.2 ;
    %load/vec4 v0x5648a37985f0_0;
    %addi 1, 0, 32;
    %store/vec4 v0x5648a37985f0_0, 0, 32;
    %jmp T_3.4;
T_3.3 ;
    %pushi/vec4 0, 0, 3;
    %load/vec4 v0x5648a37986b0_0;
    %pad/u 3;
    %add;
    %ix/load 4, 2, 0;
    %flag_set/imm 4, 0;
    %shiftl 4;
    %store/vec4 v0x5648a376f8c0_0, 0, 3;
    %jmp T_3.4;
T_3.4 ;
    %pop/vec4 1;
    %jmp T_3;
    .thread T_3;
    .scope S_0x5648a3782a50;
T_4 ;
    %vpi_call 2 14 "$monitor", "rst_tb=%b", v0x5648a3798b50_0 {0 0 0};
    %vpi_call 2 15 "$dumpfile", "wave.vcd" {0 0 0};
    %vpi_call 2 16 "$dumpvars", 32'sb00000000000000000000000000000000, S_0x5648a3782a50 {0 0 0};
    %pushi/vec4 0, 0, 1;
    %store/vec4 v0x5648a37989e0_0, 0, 1;
    %pushi/vec4 0, 0, 1;
    %store/vec4 v0x5648a3798b50_0, 0, 1;
    %pushi/vec4 1, 0, 1;
    %store/vec4 v0x5648a3798a80_0, 0, 1;
    %delay 100, 0;
    %pushi/vec4 1, 0, 1;
    %store/vec4 v0x5648a3798b50_0, 0, 1;
    %delay 500, 0;
    %pushi/vec4 0, 0, 1;
    %store/vec4 v0x5648a3798b50_0, 0, 1;
    %delay 300, 0;
    %pushi/vec4 1, 0, 1;
    %store/vec4 v0x5648a3798a80_0, 0, 1;
    %delay 800, 0;
    %pushi/vec4 0, 0, 1;
    %store/vec4 v0x5648a3798a80_0, 0, 1;
    %delay 400, 0;
    %pushi/vec4 1, 0, 1;
    %store/vec4 v0x5648a3798a80_0, 0, 1;
    %delay 300, 0;
    %pushi/vec4 0, 0, 1;
    %store/vec4 v0x5648a3798a80_0, 0, 1;
    %delay 500, 0;
    %pushi/vec4 1, 0, 1;
    %store/vec4 v0x5648a3798a80_0, 0, 1;
    %delay 200, 0;
    %pushi/vec4 0, 0, 1;
    %store/vec4 v0x5648a3798a80_0, 0, 1;
    %delay 900, 0;
    %pushi/vec4 1, 0, 1;
    %store/vec4 v0x5648a3798a80_0, 0, 1;
    %delay 300, 0;
    %pushi/vec4 0, 0, 1;
    %store/vec4 v0x5648a3798a80_0, 0, 1;
    %delay 2000, 0;
    %vpi_call 2 53 "$finish" {0 0 0};
    %end;
    .thread T_4;
    .scope S_0x5648a3782a50;
T_5 ;
    %delay 50, 0;
    %load/vec4 v0x5648a37989e0_0;
    %inv;
    %store/vec4 v0x5648a37989e0_0, 0, 1;
    %jmp T_5;
    .thread T_5;
# The file index is used to find the file name in the following table.
:file_names 4;
    "N/A";
    "<interactive>";
    "ir_control_tb.v";
    "ir_control.v";
