#! /usr/bin/vvp
:ivl_version "12.0 (stable)" "(v12_0-dirty)";
:ivl_delay_selection "TYPICAL";
:vpi_time_precision + 0;
:vpi_module "/usr/lib/ivl/system.vpi";
:vpi_module "/usr/lib/ivl/vhdl_sys.vpi";
:vpi_module "/usr/lib/ivl/vhdl_textio.vpi";
:vpi_module "/usr/lib/ivl/v2005_math.vpi";
:vpi_module "/usr/lib/ivl/va_math.vpi";
S_0x55eebe1bbcb0 .scope module, "counter_tb" "counter_tb" 2 5;
 .timescale 0 0;
v0x55eebe1e3c90_0 .var "SS", 0 0;
v0x55eebe1e3d50_0 .var "clk", 0 0;
v0x55eebe1e3df0_0 .net "cnt", 3 0, v0x55eebe1e3a20_0;  1 drivers
v0x55eebe1e3ec0_0 .var "u", 0 0;
S_0x55eebe1d0ac0 .scope module, "test" "counter" 2 11, 3 1 0, S_0x55eebe1bbcb0;
 .timescale 0 0;
    .port_info 0 /INPUT 1 "clk";
    .port_info 1 /INPUT 1 "u";
    .port_info 2 /INPUT 1 "SS";
    .port_info 3 /OUTPUT 4 "cnt";
v0x55eebe1bc220_0 .net "SS", 0 0, v0x55eebe1e3c90_0;  1 drivers
v0x55eebe1bab40_0 .var "ant", 3 0;
v0x55eebe1e3980_0 .net "clk", 0 0, v0x55eebe1e3d50_0;  1 drivers
v0x55eebe1e3a20_0 .var "cnt", 3 0;
v0x55eebe1e3b00_0 .net "u", 0 0, v0x55eebe1e3ec0_0;  1 drivers
E_0x55eebe195210 .event posedge, v0x55eebe1e3980_0;
    .scope S_0x55eebe1d0ac0;
T_0 ;
    %wait E_0x55eebe195210;
    %load/vec4 v0x55eebe1bc220_0;
    %flag_set/vec4 8;
    %jmp/0xz  T_0.0, 8;
    %load/vec4 v0x55eebe1e3b00_0;
    %cmpi/e 0, 0, 1;
    %jmp/0xz  T_0.2, 4;
    %load/vec4 v0x55eebe1e3a20_0;
    %cmpi/e 9, 0, 4;
    %jmp/0xz  T_0.4, 4;
    %pushi/vec4 0, 0, 4;
    %assign/vec4 v0x55eebe1bab40_0, 0;
    %jmp T_0.5;
T_0.4 ;
    %load/vec4 v0x55eebe1e3a20_0;
    %addi 1, 0, 4;
    %assign/vec4 v0x55eebe1bab40_0, 0;
T_0.5 ;
    %jmp T_0.3;
T_0.2 ;
    %load/vec4 v0x55eebe1e3a20_0;
    %cmpi/e 0, 0, 4;
    %jmp/0xz  T_0.6, 4;
    %pushi/vec4 9, 0, 4;
    %assign/vec4 v0x55eebe1bab40_0, 0;
    %jmp T_0.7;
T_0.6 ;
    %load/vec4 v0x55eebe1e3a20_0;
    %subi 1, 0, 4;
    %assign/vec4 v0x55eebe1bab40_0, 0;
T_0.7 ;
T_0.3 ;
    %jmp T_0.1;
T_0.0 ;
    %load/vec4 v0x55eebe1e3a20_0;
    %assign/vec4 v0x55eebe1bab40_0, 0;
T_0.1 ;
    %jmp T_0;
    .thread T_0;
    .scope S_0x55eebe1d0ac0;
T_1 ;
    %wait E_0x55eebe195210;
    %load/vec4 v0x55eebe1bc220_0;
    %flag_set/vec4 8;
    %jmp/0xz  T_1.0, 8;
    %load/vec4 v0x55eebe1bab40_0;
    %assign/vec4 v0x55eebe1e3a20_0, 0;
T_1.0 ;
    %jmp T_1;
    .thread T_1;
    .scope S_0x55eebe1bbcb0;
T_2 ;
    %vpi_call 2 14 "$dumpfile", "wave.vcd" {0 0 0};
    %vpi_call 2 15 "$dumpvars", 32'sb00000000000000000000000000000000, S_0x55eebe1bbcb0 {0 0 0};
    %pushi/vec4 0, 0, 1;
    %store/vec4 v0x55eebe1e3d50_0, 0, 1;
    %pushi/vec4 0, 0, 1;
    %store/vec4 v0x55eebe1e3ec0_0, 0, 1;
    %pushi/vec4 1, 0, 1;
    %store/vec4 v0x55eebe1e3c90_0, 0, 1;
    %delay 100, 0;
    %vpi_call 2 21 "$finish" {0 0 0};
    %end;
    .thread T_2;
    .scope S_0x55eebe1bbcb0;
T_3 ;
    %wait E_0x55eebe195210;
    %vpi_call 2 24 "$display", "Contador: %b", v0x55eebe1e3df0_0 {0 0 0};
    %jmp T_3;
    .thread T_3;
    .scope S_0x55eebe1bbcb0;
T_4 ;
    %delay 50, 0;
    %load/vec4 v0x55eebe1e3ec0_0;
    %inv;
    %store/vec4 v0x55eebe1e3ec0_0, 0, 1;
    %jmp T_4;
    .thread T_4;
    .scope S_0x55eebe1bbcb0;
T_5 ;
    %delay 5, 0;
    %load/vec4 v0x55eebe1e3d50_0;
    %inv;
    %store/vec4 v0x55eebe1e3d50_0, 0, 1;
    %jmp T_5;
    .thread T_5;
# The file index is used to find the file name in the following table.
:file_names 4;
    "N/A";
    "<interactive>";
    "counter_tb.v";
    "counter.v";
